<?xml version="1.0" encoding="UTF-8"?>
<!-- Generated by org.testng.reporters.JUnitReportReporter -->
<testsuite hostname="DESKTOP-T777DIF" name="studi.co.testScripts.Receive_MCQ_Questions_Revision" tests="1" failures="0" timestamp="23 Nov 2020 16:10:32 GMT" time="101.794" errors="0">
  <testcase name="Verify_Review_Plan_Tab" time="101.794" classname="studi.co.testScripts.Receive_MCQ_Questions_Revision"/>
</testsuite> <!-- studi.co.testScripts.Receive_MCQ_Questions_Revision -->
