<?xml version="1.0" encoding="UTF-8"?>
<!-- Generated by org.testng.reporters.JUnitReportReporter -->
<testsuite hostname="DESKTOP-T777DIF" name="studi.co.testScripts.Mark_Excluded_From_Syllabus_Manually" tests="1" failures="0" timestamp="18 Nov 2020 06:29:16 GMT" time="38.348" errors="0">
  <testcase name="Validate_complited_in_school_status" time="38.348" classname="studi.co.testScripts.Mark_Excluded_From_Syllabus_Manually"/>
</testsuite> <!-- studi.co.testScripts.Mark_Excluded_From_Syllabus_Manually -->
