<?xml version="1.0" encoding="UTF-8"?>
<!-- Generated by org.testng.reporters.JUnitReportReporter -->
<testsuite hostname="DESKTOP-T777DIF" name="studi.co.testScripts.Login" tests="1" failures="0" timestamp="11 Dec 2020 11:24:10 GMT" time="26.254" errors="0">
  <testcase name="Validate_Login" time="26.254" classname="studi.co.testScripts.Login"/>
</testsuite> <!-- studi.co.testScripts.Login -->
