<?xml version="1.0" encoding="UTF-8"?>
<!-- Generated by org.testng.reporters.JUnitReportReporter -->
<testsuite hostname="DESKTOP-T777DIF" name="studi.co.testScripts.TC15_Verify_Answers_are_Selectable_and_Deselectable_in_Practice" tests="1" failures="0" timestamp="3 Dec 2020 06:25:35 GMT" time="69.436" errors="0">
  <testcase name="verify_Answers_Are_Selectable_Deselectable" time="69.436" classname="studi.co.testScripts.TC15_Verify_Answers_are_Selectable_and_Deselectable_in_Practice"/>
</testsuite> <!-- studi.co.testScripts.TC15_Verify_Answers_are_Selectable_and_Deselectable_in_Practice -->
