<?xml version="1.0" encoding="UTF-8"?>
<!-- Generated by org.testng.reporters.JUnitReportReporter -->
<testsuite hostname="DESKTOP-JHURRHK" failures="0" tests="24" name="studi.co.testScripts.AFS_UserStory_76" time="233.997" errors="0" timestamp="29 Dec 2020 08:27:35 GMT" skipped="23">
  <testcase classname="studi.co.testScripts.AFS_UserStory_76" name="TC03_Verify_Answer_Options_In_Revision" time="233.997"/>
  <testcase classname="studi.co.testScripts.AFS_UserStory_76" name="Receive_MCQ_Questions_Practice">
    <skipped/>
  </testcase> <!-- Receive_MCQ_Questions_Practice -->
  <testcase classname="studi.co.testScripts.AFS_UserStory_76" name="Review_Plan_Tab">
    <skipped/>
  </testcase> <!-- Review_Plan_Tab -->
  <testcase classname="studi.co.testScripts.AFS_UserStory_76" name="Recieve_MCQ_Questions_Revision">
    <skipped/>
  </testcase> <!-- Recieve_MCQ_Questions_Revision -->
  <testcase classname="studi.co.testScripts.AFS_UserStory_76" name="View_Chapter_Details">
    <skipped/>
  </testcase> <!-- View_Chapter_Details -->
  <testcase classname="studi.co.testScripts.AFS_UserStory_76" name="TC14_Verify_Answer_Options__In_Practice">
    <skipped/>
  </testcase> <!-- TC14_Verify_Answer_Options__In_Practice -->
  <testcase classname="studi.co.testScripts.AFS_UserStory_76" name="TC12_Verify_MCQ_Questions_In_Pratice">
    <skipped/>
  </testcase> <!-- TC12_Verify_MCQ_Questions_In_Pratice -->
  <testcase classname="studi.co.testScripts.AFS_UserStory_76" name="Confirm_Syllabus_Tab">
    <skipped/>
  </testcase> <!-- Confirm_Syllabus_Tab -->
  <testcase classname="studi.co.testScripts.AFS_UserStory_76" name="TC08_Verify_Feedback_For_Answers_In_Revision">
    <skipped/>
  </testcase> <!-- TC08_Verify_Feedback_For_Answers_In_Revision -->
  <testcase classname="studi.co.testScripts.AFS_UserStory_76" name="Mark_Completed_In_School_Manaually">
    <skipped/>
  </testcase> <!-- Mark_Completed_In_School_Manaually -->
  <testcase classname="studi.co.testScripts.AFS_UserStory_76" name="Completed_In_School_Status_Chapter">
    <skipped/>
  </testcase> <!-- Completed_In_School_Status_Chapter -->
  <testcase classname="studi.co.testScripts.AFS_UserStory_76" name="View_Chapter_Listing_Page_Content">
    <skipped/>
  </testcase> <!-- View_Chapter_Listing_Page_Content -->
  <testcase classname="studi.co.testScripts.AFS_UserStory_76" name="TC03_Verify_RadioButtons_For_Answers_In_Revision">
    <skipped/>
  </testcase> <!-- TC03_Verify_RadioButtons_For_Answers_In_Revision -->
  <testcase classname="studi.co.testScripts.AFS_UserStory_76" name="TC20_Verify_Attempts_In_Practice_Module">
    <skipped/>
  </testcase> <!-- TC20_Verify_Attempts_In_Practice_Module -->
  <testcase classname="studi.co.testScripts.AFS_UserStory_76" name="Verify_Create_Study_Plan">
    <skipped/>
  </testcase> <!-- Verify_Create_Study_Plan -->
  <testcase classname="studi.co.testScripts.AFS_UserStory_76" name="TC15_Verify_Answers_Are_Selectable_And_Deselectable_In_Practice">
    <skipped/>
  </testcase> <!-- TC15_Verify_Answers_Are_Selectable_And_Deselectable_In_Practice -->
  <testcase classname="studi.co.testScripts.AFS_UserStory_76" name="Navigate_Revision_From_Topic_Listing">
    <skipped/>
  </testcase> <!-- Navigate_Revision_From_Topic_Listing -->
  <testcase classname="studi.co.testScripts.AFS_UserStory_76" name="TC04_Verify_MCQ_Answers_Can_Be_Select_or_Unselect_In_Revision">
    <skipped/>
  </testcase> <!-- TC04_Verify_MCQ_Answers_Can_Be_Select_or_Unselect_In_Revision -->
  <testcase classname="studi.co.testScripts.AFS_UserStory_76" name="TC18_Verify_Answer_Feedback_Is_Correct_In_Practice">
    <skipped/>
  </testcase> <!-- TC18_Verify_Answer_Feedback_Is_Correct_In_Practice -->
  <testcase classname="studi.co.testScripts.AFS_UserStory_76" name="Confirm_Syllabus_Page_Tappable">
    <skipped/>
  </testcase> <!-- Confirm_Syllabus_Page_Tappable -->
  <testcase classname="studi.co.testScripts.AFS_UserStory_76" name="TC10_Select_All_Answers_And_Verify_Feedback">
    <skipped/>
  </testcase> <!-- TC10_Select_All_Answers_And_Verify_Feedback -->
  <testcase classname="studi.co.testScripts.AFS_UserStory_76" name="TC11_Verify_Abandon_Quiz_From_Revision">
    <skipped/>
  </testcase> <!-- TC11_Verify_Abandon_Quiz_From_Revision -->
  <testcase classname="studi.co.testScripts.AFS_UserStory_76" name="Recieve_MCQ_Questions_DefaultState">
    <skipped/>
  </testcase> <!-- Recieve_MCQ_Questions_DefaultState -->
  <testcase classname="studi.co.testScripts.AFS_UserStory_76" name="Mark_Excluded_From_Syllabus_Manually">
    <skipped/>
  </testcase> <!-- Mark_Excluded_From_Syllabus_Manually -->
</testsuite> <!-- studi.co.testScripts.AFS_UserStory_76 -->
