<?xml version="1.0" encoding="UTF-8"?>
<!-- Generated by org.testng.reporters.JUnitReportReporter -->
<testsuite hostname="DESKTOP-T777DIF" name="studi.co.testScripts.View_Chapter_Listing_Page_Content" tests="1" failures="0" timestamp="19 Nov 2020 16:46:09 GMT" time="31.388" errors="0">
  <testcase name="Verify_Review_Plan_Tab" time="31.388" classname="studi.co.testScripts.View_Chapter_Listing_Page_Content"/>
</testsuite> <!-- studi.co.testScripts.View_Chapter_Listing_Page_Content -->
