<?xml version="1.0" encoding="UTF-8"?>
<!-- Generated by org.testng.reporters.JUnitReportReporter -->
<testsuite hostname="DESKTOP-T777DIF" name="studi.co.testScripts.Verify_Scroll" tests="1" failures="0" timestamp="2 Dec 2020 14:52:35 GMT" time="29.094" errors="0">
  <testcase name="verifyScroll" time="29.094" classname="studi.co.testScripts.Verify_Scroll"/>
</testsuite> <!-- studi.co.testScripts.Verify_Scroll -->
