<?xml version="1.0" encoding="UTF-8"?>
<!-- Generated by org.testng.reporters.JUnitReportReporter -->
<testsuite hostname="DESKTOP-T777DIF" name="studi.co.testScripts.Confirm_Syllabus_Tab" tests="1" failures="0" timestamp="17 Nov 2020 13:37:14 GMT" time="3.690" errors="0">
  <testcase name="Validate_complited_in_school_status" time="3.690" classname="studi.co.testScripts.Confirm_Syllabus_Tab"/>
</testsuite> <!-- studi.co.testScripts.Confirm_Syllabus_Tab -->
