<?xml version="1.0" encoding="UTF-8"?>
<!-- Generated by org.testng.reporters.JUnitReportReporter -->
<testsuite hostname="AKBAR" failures="0" tests="1" name="demo.co.testScripts.Login" time="27.325" errors="0" timestamp="2020-11-04T18:40:12 IST" skipped="0">
  <testcase classname="demo.co.testScripts.Login" name="Player" time="27.325"/>
  <system-out/>
</testsuite> <!-- demo.co.testScripts.Login -->
