<?xml version="1.0" encoding="UTF-8"?>
<!-- Generated by org.testng.reporters.JUnitReportReporter -->
<testsuite hostname="DESKTOP-T777DIF" name="studi.co.testScripts.Confirm_Syllabus_Page_Tappable$Confirm_Syllabus_Page" tests="1" failures="0" timestamp="17 Nov 2020 14:43:42 GMT" time="3.317" errors="0">
  <testcase name="Validate_Syllabus_Tappable" time="3.317" classname="studi.co.testScripts.Confirm_Syllabus_Page_Tappable$Confirm_Syllabus_Page"/>
</testsuite> <!-- studi.co.testScripts.Confirm_Syllabus_Page_Tappable$Confirm_Syllabus_Page -->
