<?xml version="1.0" encoding="UTF-8"?>
<!-- Generated by org.testng.reporters.JUnitReportReporter -->
<testsuite hostname="AKBAR" failures="0" tests="1" name="demo.co.testScripts.TestSample" time="0.015" errors="0" timestamp="01 Jul 2020 10:37:17 GMT" skipped="0">
  <testcase classname="demo.co.testScripts.TestSample" name="mobileTest" time="0.015"/>
</testsuite> <!-- demo.co.testScripts.TestSample -->
