<?xml version="1.0" encoding="UTF-8"?>
<!-- Generated by org.testng.reporters.JUnitReportReporter -->
<testsuite hostname="DESKTOP-T777DIF" name="studi.co.testScripts.Receive_MCQ_Questions_Practice" tests="1" failures="0" timestamp="9 Dec 2020 10:03:44 GMT" time="0.001" errors="1">
  <testcase name="Receive_MCQ_Questions" time="0.001" classname="studi.co.testScripts.Receive_MCQ_Questions_Practice">
    <error type="java.lang.NullPointerException" message="null value in entry: lastScrollData=null">
      <![CDATA[java.lang.NullPointerException: null value in entry: lastScrollData=null
	at com.google.common.collect.CollectPreconditions.checkEntryNotNull(CollectPreconditions.java:32)
	at com.google.common.collect.ImmutableMap.entryOf(ImmutableMap.java:176)
	at com.google.common.collect.ImmutableMap$Builder.put(ImmutableMap.java:286)
	at com.google.common.collect.ImmutableMap$Builder.put(ImmutableMap.java:300)
	at com.google.common.collect.ImmutableMap$Builder.putAll(ImmutableMap.java:328)
	at com.google.common.collect.ImmutableMap$Builder.putAll(ImmutableMap.java:311)
	at io.appium.java_client.HasSessionDetails.getSessionDetails(HasSessionDetails.java:38)
	at io.appium.java_client.HasSessionDetails.getSessionDetail(HasSessionDetails.java:42)
	at io.appium.java_client.HasSessionDetails.getPlatformName(HasSessionDetails.java:46)
	at io.appium.java_client.AppiumDriver.<init>(AppiumDriver.java:99)
	at io.appium.java_client.AppiumDriver.<init>(AppiumDriver.java:111)
	at io.appium.java_client.android.AndroidDriver.<init>(AndroidDriver.java:72)
	at studi.co.Base.BaseClass.beforeTest(BaseClass.java:146)
	at sun.reflect.NativeMethodAccessorImpl.invoke0(Native Method)
	at sun.reflect.NativeMethodAccessorImpl.invoke(Unknown Source)
	at sun.reflect.DelegatingMethodAccessorImpl.invoke(Unknown Source)
	at java.lang.reflect.Method.invoke(Unknown Source)
	at org.testng.internal.MethodInvocationHelper.invokeMethod(MethodInvocationHelper.java:85)
	at org.testng.internal.Invoker.invokeConfigurationMethod(Invoker.java:521)
	at org.testng.internal.Invoker.invokeConfigurations(Invoker.java:213)
	at org.testng.internal.Invoker.invokeConfigurations(Invoker.java:140)
	at org.testng.TestRunner.beforeRun(TestRunner.java:645)
	at org.testng.TestRunner.run(TestRunner.java:613)
	at org.testng.SuiteRunner.runTest(SuiteRunner.java:357)
	at org.testng.SuiteRunner.access$000(SuiteRunner.java:38)
	at org.testng.SuiteRunner$SuiteWorker.run(SuiteRunner.java:391)
	at org.testng.internal.thread.ThreadUtil$2.call(ThreadUtil.java:64)
	at java.util.concurrent.FutureTask.run(Unknown Source)
	at java.util.concurrent.ThreadPoolExecutor.runWorker(Unknown Source)
	at java.util.concurrent.ThreadPoolExecutor$Worker.run(Unknown Source)
	at java.lang.Thread.run(Unknown Source)
]]>
    </error>
  </testcase> <!-- Receive_MCQ_Questions -->
</testsuite> <!-- studi.co.testScripts.Receive_MCQ_Questions_Practice -->
