<?xml version="1.0" encoding="UTF-8"?>
<!-- Generated by org.testng.reporters.JUnitReportReporter -->
<testsuite hostname="DESKTOP-T777DIF" name="studi.co.testScripts.Login" tests="1" failures="0" timestamp="13 Nov 2020 15:52:54 GMT" time="12.659" errors="0">
  <testcase name="Validate_Login" time="12.659" classname="studi.co.testScripts.Login"/>
</testsuite> <!-- studi.co.testScripts.Login -->
