<?xml version="1.0" encoding="UTF-8"?>
<!-- Generated by org.testng.reporters.JUnitReportReporter -->
<testsuite hostname="DESKTOP-T777DIF" name="studi.co.testScripts.TC11_Abandon_Quiz_from_Revision" tests="1" failures="0" timestamp="3 Dec 2020 06:09:46 GMT" time="127.308" errors="0">
  <testcase name="verifyAbandon" time="127.308" classname="studi.co.testScripts.TC11_Abandon_Quiz_from_Revision"/>
</testsuite> <!-- studi.co.testScripts.TC11_Abandon_Quiz_from_Revision -->
