<?xml version="1.0" encoding="UTF-8"?>
<!-- Generated by org.testng.reporters.JUnitReportReporter -->
<testsuite hostname="DESKTOP-T777DIF" name="studi.co.testScripts.Receive_MCQ_Questions_DefaultState" tests="1" failures="0" timestamp="23 Nov 2020 16:29:27 GMT" time="105.616" errors="0">
  <testcase name="Verify_Review_Plan_Tab" time="105.616" classname="studi.co.testScripts.Receive_MCQ_Questions_DefaultState"/>
</testsuite> <!-- studi.co.testScripts.Receive_MCQ_Questions_DefaultState -->
