<?xml version="1.0" encoding="UTF-8"?>
<!-- Generated by org.testng.reporters.JUnitReportReporter -->
<testsuite skipped="0" hostname="MACs-Mac-mini.local" name="sminq.co.testScripts.Change_Profile_Pic" tests="2" failures="0" timestamp="01 Mar 2019 09:53:22 GMT" time="62.428" errors="0">
  <testcase name="CHANGE" time="30.648" classname="sminq.co.testScripts.Change_Profile_Pic"/>
  <testcase name="CHANGE" time="31.780" classname="sminq.co.testScripts.Change_Profile_Pic"/>
</testsuite> <!-- sminq.co.testScripts.Change_Profile_Pic -->
