<?xml version="1.0" encoding="UTF-8"?>
<!-- Generated by org.testng.reporters.JUnitReportReporter -->
<testsuite hostname="DESKTOP-MB095P1" failures="0" tests="1" name="demo.co.testScripts.MiddleBanner" time="200.556" errors="0" timestamp="17 Dec 2019 15:17:20 GMT" skipped="0">
  <testcase classname="demo.co.testScripts.MiddleBanner" name="getDetails" time="200.556"/>
</testsuite> <!-- demo.co.testScripts.MiddleBanner -->
