<?xml version="1.0" encoding="UTF-8"?>
<!-- Generated by org.testng.reporters.JUnitReportReporter -->
<testsuite hostname="AKBAR" failures="0" tests="1" name="demo.co.testScripts.BrowsePlayerHistory" time="77.395" errors="0" timestamp="03 Mar 2020 08:40:57 GMT" skipped="0">
  <testcase classname="demo.co.testScripts.BrowsePlayerHistory" name="Player" time="77.395"/>
</testsuite> <!-- demo.co.testScripts.BrowsePlayerHistory -->
