<?xml version="1.0" encoding="UTF-8"?>
<!-- Generated by org.testng.reporters.JUnitReportReporter -->
<testsuite hostname="DESKTOP-T777DIF" name="studi.co.testScripts.Login" tests="1" failures="0" timestamp="23 Nov 2020 16:29:27 GMT" time="12.686" errors="0">
  <testcase name="Validate_Login" time="12.686" classname="studi.co.testScripts.Login"/>
</testsuite> <!-- studi.co.testScripts.Login -->
