<?xml version="1.0" encoding="UTF-8"?>
<!-- Generated by org.testng.reporters.JUnitReportReporter -->
<testsuite hostname="DESKTOP-T777DIF" name="studi.co.testScripts.Completed_In_School_Status_Chapter" tests="1" failures="0" timestamp="17 Nov 2020 15:49:52 GMT" time="36.716" errors="0">
  <testcase name="Validate_complited_in_school_status" time="36.716" classname="studi.co.testScripts.Completed_In_School_Status_Chapter"/>
</testsuite> <!-- studi.co.testScripts.Completed_In_School_Status_Chapter -->
