<?xml version="1.0" encoding="UTF-8"?>
<!-- Generated by org.testng.reporters.JUnitReportReporter -->
<testsuite hostname="DESKTOP-T777DIF" name="studi.co.testScripts.TC15_Verify_Answers_are_Selectable_and_Deselectable_in_Practice" tests="1" failures="0" timestamp="7 Dec 2020 07:03:49 GMT" time="0.266" errors="1">
  <testcase name="verify_Answers_Are_Selectable_Deselectable" time="0.266" classname="studi.co.testScripts.TC15_Verify_Answers_are_Selectable_and_Deselectable_in_Practice">
    <error type="java.lang.NullPointerException">
      <![CDATA[java.lang.NullPointerException
	at io.appium.java_client.pagefactory.AppiumElementLocator.changeImplicitlyWaitTimeOut(AppiumElementLocator.java:80)
	at io.appium.java_client.pagefactory.AppiumElementLocator.waitFor(AppiumElementLocator.java:98)
	at io.appium.java_client.pagefactory.AppiumElementLocator.findElement(AppiumElementLocator.java:111)
	at io.appium.java_client.pagefactory.interceptors.InterceptorOfASingleElement.intercept(InterceptorOfASingleElement.java:61)
	at org.openqa.selenium.remote.RemoteWebElement$$EnhancerByCGLIB$$dd998978.clear(<generated>)
	at studi.co.pageModules.Module_Login.Login_to_app(Module_Login.java:15)
	at studi.co.pageModules.Module_Verify_Answer_Options_In_Practice.verify_Answers_Selectable_Deselectable(Module_Verify_Answer_Options_In_Practice.java:103)
	at studi.co.testScripts.TC15_Verify_Answers_are_Selectable_and_Deselectable_in_Practice.verify_Answers_Are_Selectable_Deselectable(TC15_Verify_Answers_are_Selectable_and_Deselectable_in_Practice.java:17)
	at sun.reflect.NativeMethodAccessorImpl.invoke0(Native Method)
	at sun.reflect.NativeMethodAccessorImpl.invoke(Unknown Source)
	at sun.reflect.DelegatingMethodAccessorImpl.invoke(Unknown Source)
	at java.lang.reflect.Method.invoke(Unknown Source)
	at org.testng.internal.MethodInvocationHelper.invokeMethod(MethodInvocationHelper.java:85)
	at org.testng.internal.Invoker.invokeMethod(Invoker.java:663)
	at org.testng.internal.Invoker.invokeTestMethod(Invoker.java:849)
	at org.testng.internal.Invoker.invokeTestMethods(Invoker.java:1157)
	at org.testng.internal.TestMethodWorker.invokeTestMethods(TestMethodWorker.java:124)
	at org.testng.internal.TestMethodWorker.run(TestMethodWorker.java:108)
	at org.testng.TestRunner.privateRun(TestRunner.java:771)
	at org.testng.TestRunner.run(TestRunner.java:621)
	at org.testng.SuiteRunner.runTest(SuiteRunner.java:357)
	at org.testng.SuiteRunner.access$000(SuiteRunner.java:38)
	at org.testng.SuiteRunner$SuiteWorker.run(SuiteRunner.java:391)
	at org.testng.internal.thread.ThreadUtil$2.call(ThreadUtil.java:64)
	at java.util.concurrent.FutureTask.run(Unknown Source)
	at java.util.concurrent.ThreadPoolExecutor.runWorker(Unknown Source)
	at java.util.concurrent.ThreadPoolExecutor$Worker.run(Unknown Source)
	at java.lang.Thread.run(Unknown Source)
]]>
    </error>
  </testcase> <!-- verify_Answers_Are_Selectable_Deselectable -->
</testsuite> <!-- studi.co.testScripts.TC15_Verify_Answers_are_Selectable_and_Deselectable_in_Practice -->
