<?xml version="1.0" encoding="UTF-8"?>
<!-- Generated by org.testng.reporters.JUnitReportReporter -->
<testsuite hostname="DESKTOP-T777DIF" name="studi.co.testScripts.TC14_Verify_Answer_Options_in_Practice_Quiz" tests="1" failures="0" timestamp="1 Dec 2020 14:53:28 GMT" time="66.188" errors="0">
  <testcase name="verifyAnswerOptions" time="66.188" classname="studi.co.testScripts.TC14_Verify_Answer_Options_in_Practice_Quiz"/>
</testsuite> <!-- studi.co.testScripts.TC14_Verify_Answer_Options_in_Practice_Quiz -->
