<?xml version="1.0" encoding="UTF-8"?>
<!-- Generated by org.testng.reporters.JUnitReportReporter -->
<testsuite hostname="DESKTOP-MB095P1" failures="0" tests="1" name="demo.co.testScripts.count_duplicate_letters" time="0.025" errors="0" timestamp="21 Dec 2019 16:39:14 GMT" skipped="0">
  <testcase classname="demo.co.testScripts.count_duplicate_letters" name="getDetails" time="0.025"/>
</testsuite> <!-- demo.co.testScripts.count_duplicate_letters -->
