<?xml version="1.0" encoding="UTF-8"?>
<!-- Generated by org.testng.reporters.JUnitReportReporter -->
<testsuite hostname="DESKTOP-T777DIF" name="studi.co.testScripts.Review_Plan_Tab" tests="1" failures="0" timestamp="13 Nov 2020 17:16:23 GMT" time="13.070" errors="0">
  <testcase name="Verify_Review_Plan_Tab" time="13.070" classname="studi.co.testScripts.Review_Plan_Tab"/>
</testsuite> <!-- studi.co.testScripts.Review_Plan_Tab -->
