<?xml version="1.0" encoding="UTF-8"?>
<!-- Generated by org.testng.reporters.JUnitReportReporter -->
<testsuite hostname="DESKTOP-T777DIF" name="studi.co.testScripts.Receive_MCQ_Questions_Practice" tests="1" failures="0" timestamp="13 Nov 2020 13:44:42 GMT" time="54.656" errors="0">
  <testcase name="Receive_MCQ_Questions" time="54.656" classname="studi.co.testScripts.Receive_MCQ_Questions_Practice"/>
</testsuite> <!-- studi.co.testScripts.Receive_MCQ_Questions_Practice -->
