<?xml version="1.0" encoding="UTF-8"?>
<!-- Generated by org.testng.reporters.JUnitReportReporter -->
<testsuite skipped="0" hostname="MACs-Mac-mini.local" name="sminq.co.testScripts.Post_Story" tests="1" failures="0" timestamp="01 Mar 2019 09:53:22 GMT" time="65.911" errors="0">
  <testcase name="POST" time="65.911" classname="sminq.co.testScripts.Post_Story"/>
</testsuite> <!-- sminq.co.testScripts.Post_Story -->
