<?xml version="1.0" encoding="UTF-8"?>
<!-- Generated by org.testng.reporters.JUnitReportReporter -->
<testsuite hostname="DESKTOP-JHURRHK" failures="0" tests="34" name="studi.co.testScripts.AFS_UserStory_76" time="219.113" errors="1" timestamp="12 Jan 2021 10:48:05 GMT" skipped="32">
  <testcase classname="studi.co.testScripts.AFS_UserStory_76" name="TC18_To_Verify_Correct_Feedback_Shown_Under_Hamburger_Menu_In_Practice" time="51.466">
    <skipped/>
  </testcase> <!-- TC18_To_Verify_Correct_Feedback_Shown_Under_Hamburger_Menu_In_Practice -->
  <testcase classname="studi.co.testScripts.AFS_UserStory_76" name="TC13_To_Verify_MCQ_Answers_Is_In_Default_State_In_Practice" time="0.000">
    <skipped/>
  </testcase> <!-- TC13_To_Verify_MCQ_Answers_Is_In_Default_State_In_Practice -->
  <testcase classname="studi.co.testScripts.AFS_UserStory_76" name="TC17_To_Verify_Correct_Feedback_Shown_After_MCQ_Answer_Selection_In_Practice" time="0.000">
    <skipped/>
  </testcase> <!-- TC17_To_Verify_Correct_Feedback_Shown_After_MCQ_Answer_Selection_In_Practice -->
  <testcase classname="studi.co.testScripts.AFS_UserStory_76" name="TC14_To_Verify_Multiple_Answers_Shown_For_MCQ_In_Practice" time="0.000">
    <skipped/>
  </testcase> <!-- TC14_To_Verify_Multiple_Answers_Shown_For_MCQ_In_Practice -->
  <testcase classname="studi.co.testScripts.AFS_UserStory_76" name="TC15_To_Verify_MCQ_Answers_Can_Be_Select_In_Practice" time="0.000">
    <skipped/>
  </testcase> <!-- TC15_To_Verify_MCQ_Answers_Can_Be_Select_In_Practice -->
  <testcase classname="studi.co.testScripts.AFS_UserStory_76" name="Validate_Login" time="36.870">
    <error message="Can&#039;t locate an element by this strategy: By.chained({By.xpath: /hierarchy/android.widget.FrameLayout/android.widget.LinearLayout/android.widget.FrameLayout/android.widget.LinearLayout/android.widget.FrameLayout/android.view.ViewGroup/android.view.ViewGroup/android.widget.ScrollView/android.widget.LinearLayout/androidx.recyclerview.widget.RecyclerView/android.widget.FrameLayout/android.widget.RelativeLayout/android.widget.RelativeLayout/android.widget.LinearLayout/android.widget.TextView[1]})" type="org.openqa.selenium.NoSuchElementException">
      <![CDATA[org.openqa.selenium.NoSuchElementException: Can't locate an element by this strategy: By.chained({By.xpath: /hierarchy/android.widget.FrameLayout/android.widget.LinearLayout/android.widget.FrameLayout/android.widget.LinearLayout/android.widget.FrameLayout/android.view.ViewGroup/android.view.ViewGroup/android.widget.ScrollView/android.widget.LinearLayout/androidx.recyclerview.widget.RecyclerView/android.widget.FrameLayout/android.widget.RelativeLayout/android.widget.RelativeLayout/android.widget.LinearLayout/android.widget.TextView[1]})
at io.appium.java_client.pagefactory.AppiumElementLocator.findElement(AppiumElementLocator.java:126)
at io.appium.java_client.pagefactory.interceptors.InterceptorOfASingleElement.intercept(InterceptorOfASingleElement.java:59)
at io.appium.java_client.android.AndroidElement$$EnhancerByCGLIB$$b598166c.getText(<generated>)
at studi.co.Base.BaseClass.clickOnElement(BaseClass.java:235)
at studi.co.pageModules.Module_Login.Login_to_app(Module_Login.java:56)
at studi.co.testScripts.AFS_UserStory_76.Validate_Login(AFS_UserStory_76.java:24)
at java.base/jdk.internal.reflect.NativeMethodAccessorImpl.invoke0(Native Method)
at java.base/jdk.internal.reflect.NativeMethodAccessorImpl.invoke(NativeMethodAccessorImpl.java:62)
at java.base/jdk.internal.reflect.DelegatingMethodAccessorImpl.invoke(DelegatingMethodAccessorImpl.java:43)
at java.base/java.lang.reflect.Method.invoke(Method.java:566)
at org.testng.internal.MethodInvocationHelper.invokeMethod(MethodInvocationHelper.java:124)
at org.testng.internal.MethodInvocationHelper.invokeMethodConsideringTimeout(MethodInvocationHelper.java:59)
at org.testng.internal.Invoker.invokeConfigurationMethod(Invoker.java:458)
at org.testng.internal.Invoker.invokeConfigurations(Invoker.java:222)
at org.testng.internal.Invoker.invokeMethod(Invoker.java:523)
at org.testng.internal.Invoker.invokeTestMethod(Invoker.java:719)
at org.testng.internal.Invoker.invokeTestMethods(Invoker.java:989)
at org.testng.internal.TestMethodWorker.invokeTestMethods(TestMethodWorker.java:125)
at org.testng.internal.TestMethodWorker.run(TestMethodWorker.java:109)
at org.testng.TestRunner.privateRun(TestRunner.java:648)
at org.testng.TestRunner.run(TestRunner.java:505)
at org.testng.SuiteRunner.runTest(SuiteRunner.java:455)
at org.testng.SuiteRunner.runSequentially(SuiteRunner.java:450)
at org.testng.SuiteRunner.privateRun(SuiteRunner.java:415)
at org.testng.SuiteRunner.run(SuiteRunner.java:364)
at org.testng.SuiteRunnerWorker.runSuite(SuiteRunnerWorker.java:52)
at org.testng.SuiteRunnerWorker.run(SuiteRunnerWorker.java:84)
at org.testng.TestNG.runSuitesSequentially(TestNG.java:1208)
at org.testng.TestNG.runSuitesLocally(TestNG.java:1137)
at org.testng.TestNG.runSuites(TestNG.java:1049)
at org.testng.TestNG.run(TestNG.java:1017)
at org.testng.remote.AbstractRemoteTestNG.run(AbstractRemoteTestNG.java:115)
at org.testng.remote.RemoteTestNG.initAndRun(RemoteTestNG.java:251)
at org.testng.remote.RemoteTestNG.main(RemoteTestNG.java:77)
Caused by: org.openqa.selenium.TimeoutException: Expected condition failed: waiting for io.appium.java_client.pagefactory.AppiumElementLocator$WaitingFunction@196ae579 (tried for 1 second(s) with 500 milliseconds interval)
at org.openqa.selenium.support.ui.FluentWait.timeoutException(FluentWait.java:304)
at org.openqa.selenium.support.ui.FluentWait.until(FluentWait.java:272)
at io.appium.java_client.pagefactory.AppiumElementLocator.waitFor(AppiumElementLocator.java:99)
at io.appium.java_client.pagefactory.AppiumElementLocator.findElement(AppiumElementLocator.java:119)
... 33 more
Caused by: org.openqa.selenium.NoSuchElementException: Cannot locate an element using By.chained({By.xpath: /hierarchy/android.widget.FrameLayout/android.widget.LinearLayout/android.widget.FrameLayout/android.widget.LinearLayout/android.widget.FrameLayout/android.view.ViewGroup/android.view.ViewGroup/android.widget.ScrollView/android.widget.LinearLayout/androidx.recyclerview.widget.RecyclerView/android.widget.FrameLayout/android.widget.RelativeLayout/android.widget.RelativeLayout/android.widget.LinearLayout/android.widget.TextView[1]})
For documentation on this error, please visit: https://www.seleniumhq.org/exceptions/no_such_element.html
Build info: version: '3.141.59', revision: 'e82be7d358', time: '2018-11-14T08:17:03'
System info: host: 'DESKTOP-JHURRHK', ip: '192.168.0.100', os.name: 'Windows 10', os.arch: 'amd64', os.version: '10.0', java.version: '11.0.9'
Driver info: driver.version: AndroidDriver
at io.appium.java_client.pagefactory.bys.builder.ByChained.findElement(ByChained.java:74)
at org.openqa.selenium.remote.RemoteWebDriver.findElement(RemoteWebDriver.java:315)
at io.appium.java_client.DefaultGenericMobileDriver.findElement(DefaultGenericMobileDriver.java:58)
at io.appium.java_client.AppiumDriver.findElement(AppiumDriver.java:1)
at io.appium.java_client.android.AndroidDriver.findElement(AndroidDriver.java:1)
at io.appium.java_client.pagefactory.bys.ContentMappedBy.findElement(ContentMappedBy.java:50)
at org.openqa.selenium.remote.RemoteWebDriver.findElement(RemoteWebDriver.java:315)
at io.appium.java_client.DefaultGenericMobileDriver.findElement(DefaultGenericMobileDriver.java:58)
at io.appium.java_client.AppiumDriver.findElement(AppiumDriver.java:1)
at io.appium.java_client.android.AndroidDriver.findElement(AndroidDriver.java:1)
at io.appium.java_client.pagefactory.AppiumElementLocator.lambda$0(AppiumElementLocator.java:120)
at io.appium.java_client.pagefactory.AppiumElementLocator$WaitingFunction.apply(AppiumElementLocator.java:172)
at io.appium.java_client.pagefactory.AppiumElementLocator$WaitingFunction.apply(AppiumElementLocator.java:1)
at org.openqa.selenium.support.ui.FluentWait.until(FluentWait.java:249)
... 35 more
]]>
    </error>
  </testcase> <!-- Validate_Login -->
  <testcase classname="studi.co.testScripts.AFS_UserStory_76" name="TC12_Verify_MCQ_Questions_In_Pratice" time="130.777"/>
  <testcase classname="studi.co.testScripts.AFS_UserStory_76" name="TC16_To_Verify_Multiple_MSQ_Answer_Can_Be_Select_In_Practice" time="0.000">
    <skipped/>
  </testcase> <!-- TC16_To_Verify_Multiple_MSQ_Answer_Can_Be_Select_In_Practice -->
  <testcase classname="studi.co.testScripts.AFS_UserStory_76" name="TC24_To_Verify_Multiple_Answers_Shown_For_MCQ_In_Test">
    <skipped/>
  </testcase> <!-- TC24_To_Verify_Multiple_Answers_Shown_For_MCQ_In_Test -->
  <testcase classname="studi.co.testScripts.AFS_UserStory_76" name="TC28_To_Verify_Correct_Feedback_Shown_Under_Hamburger_Menu_In_Test">
    <skipped/>
  </testcase> <!-- TC28_To_Verify_Correct_Feedback_Shown_Under_Hamburger_Menu_In_Test -->
  <testcase classname="studi.co.testScripts.AFS_UserStory_76" name="TC07_To_Verify_State_Of_Answer_Should_Be_Maintained_For_MCQ_Answer_In_Revision">
    <skipped/>
  </testcase> <!-- TC07_To_Verify_State_Of_Answer_Should_Be_Maintained_For_MCQ_Answer_In_Revision -->
  <testcase classname="studi.co.testScripts.AFS_UserStory_76" name="TC31_To_Verify_User_Should_Be_Able_To_Flag_The_MCQ_Question_In_Test">
    <skipped/>
  </testcase> <!-- TC31_To_Verify_User_Should_Be_Able_To_Flag_The_MCQ_Question_In_Test -->
  <testcase classname="studi.co.testScripts.AFS_UserStory_76" name="TC27_To_Verify_Correct_Feedback_Shown_After_MCQ_Answer_Selection_In_Test">
    <skipped/>
  </testcase> <!-- TC27_To_Verify_Correct_Feedback_Shown_After_MCQ_Answer_Selection_In_Test -->
  <testcase classname="studi.co.testScripts.AFS_UserStory_76" name="TC19_To_Verify_Attempting_MCQ_Quiz_Is_Mandatory_In_Practice">
    <skipped/>
  </testcase> <!-- TC19_To_Verify_Attempting_MCQ_Quiz_Is_Mandatory_In_Practice -->
  <testcase classname="studi.co.testScripts.AFS_UserStory_76" name="TC26_To_Verify_Multiple_MSQ_Answer_Can_Be_Select_In_Test">
    <skipped/>
  </testcase> <!-- TC26_To_Verify_Multiple_MSQ_Answer_Can_Be_Select_In_Test -->
  <testcase classname="studi.co.testScripts.AFS_UserStory_76" name="TC09_To_Verify_Attempting_MCQ_Quiz_Is_Not_Mandatory_In_Revision">
    <skipped/>
  </testcase> <!-- TC09_To_Verify_Attempting_MCQ_Quiz_Is_Not_Mandatory_In_Revision -->
  <testcase classname="studi.co.testScripts.AFS_UserStory_76" name="TC30_To_Verify_User_Should_Be_Able_To_Flag_The_MCQ_Question_With_Hamburger_In_Test">
    <skipped/>
  </testcase> <!-- TC30_To_Verify_User_Should_Be_Able_To_Flag_The_MCQ_Question_With_Hamburger_In_Test -->
  <testcase classname="studi.co.testScripts.AFS_UserStory_76" name="TC25_To_Verify_MCQ_Answers_Can_Be_Select_In_Test">
    <skipped/>
  </testcase> <!-- TC25_To_Verify_MCQ_Answers_Can_Be_Select_In_Test -->
  <testcase classname="studi.co.testScripts.AFS_UserStory_76" name="TC01_Verify_MCQ_Questions_In_Revision">
    <skipped/>
  </testcase> <!-- TC01_Verify_MCQ_Questions_In_Revision -->
  <testcase classname="studi.co.testScripts.AFS_UserStory_76" name="TC10_To_Verify_User_Can_Click_On_All_MCQ_Answers_In_Revision">
    <skipped/>
  </testcase> <!-- TC10_To_Verify_User_Can_Click_On_All_MCQ_Answers_In_Revision -->
  <testcase classname="studi.co.testScripts.AFS_UserStory_76" name="TC33_To_Verify_User_Can_Abond_MCQ_Quiz_In_Test">
    <skipped/>
  </testcase> <!-- TC33_To_Verify_User_Can_Abond_MCQ_Quiz_In_Test -->
  <testcase classname="studi.co.testScripts.AFS_UserStory_76" name="TC29_To_Verify_Attempting_MCQ_Quiz_Is_Not_Mandatory_In_Test">
    <skipped/>
  </testcase> <!-- TC29_To_Verify_Attempting_MCQ_Quiz_Is_Not_Mandatory_In_Test -->
  <testcase classname="studi.co.testScripts.AFS_UserStory_76" name="TC22_To_Verify_Receive_MCQ_Questions_In_Test">
    <skipped/>
  </testcase> <!-- TC22_To_Verify_Receive_MCQ_Questions_In_Test -->
  <testcase classname="studi.co.testScripts.AFS_UserStory_76" name="TC05_To_Verify_Multiple_MSQ_Answer_Can_Be_Select_In_Revision">
    <skipped/>
  </testcase> <!-- TC05_To_Verify_Multiple_MSQ_Answer_Can_Be_Select_In_Revision -->
  <testcase classname="studi.co.testScripts.AFS_UserStory_76" name="TC32_To_Verify_Marks_Shown_With_MCQ_In_Test">
    <skipped/>
  </testcase> <!-- TC32_To_Verify_Marks_Shown_With_MCQ_In_Test -->
  <testcase classname="studi.co.testScripts.AFS_UserStory_76" name="TC03_To_Verify_Multiple_Answers_Shown_For_MCQ_In_Revision">
    <skipped/>
  </testcase> <!-- TC03_To_Verify_Multiple_Answers_Shown_For_MCQ_In_Revision -->
  <testcase classname="studi.co.testScripts.AFS_UserStory_76" name="TC08_To_Verify_Correct_Incorrect_Feedback_Shown_After_MCQ_Answer_Selection_In_Revision">
    <skipped/>
  </testcase> <!-- TC08_To_Verify_Correct_Incorrect_Feedback_Shown_After_MCQ_Answer_Selection_In_Revision -->
  <testcase classname="studi.co.testScripts.AFS_UserStory_76" name="TC06_To_Verify_Correct_Feedback_Shown_After_MCQ_Answer_Selection_In_Revision">
    <skipped/>
  </testcase> <!-- TC06_To_Verify_Correct_Feedback_Shown_After_MCQ_Answer_Selection_In_Revision -->
  <testcase classname="studi.co.testScripts.AFS_UserStory_76" name="TC21_To_Verify_User_Can_Abond_MCQ_Quiz_In_Practice">
    <skipped/>
  </testcase> <!-- TC21_To_Verify_User_Can_Abond_MCQ_Quiz_In_Practice -->
  <testcase classname="studi.co.testScripts.AFS_UserStory_76" name="TC04_To_Verify_MCQ_Answers_Can_Be_Select_In_Revision">
    <skipped/>
  </testcase> <!-- TC04_To_Verify_MCQ_Answers_Can_Be_Select_In_Revision -->
  <testcase classname="studi.co.testScripts.AFS_UserStory_76" name="TC02_To_Verify_MCQ_Answers_Is_In_Default_State_In_Revision">
    <skipped/>
  </testcase> <!-- TC02_To_Verify_MCQ_Answers_Is_In_Default_State_In_Revision -->
  <testcase classname="studi.co.testScripts.AFS_UserStory_76" name="TC20_To_Verify_In_Wrong_Answer_Selection_User_Should_Get_1_More_Attempt_For_MCQ_In_Practice">
    <skipped/>
  </testcase> <!-- TC20_To_Verify_In_Wrong_Answer_Selection_User_Should_Get_1_More_Attempt_For_MCQ_In_Practice -->
  <testcase classname="studi.co.testScripts.AFS_UserStory_76" name="TC11_To_Verify_User_Can_Abandon_MCQ_Quiz_In_Revision">
    <skipped/>
  </testcase> <!-- TC11_To_Verify_User_Can_Abandon_MCQ_Quiz_In_Revision -->
  <testcase classname="studi.co.testScripts.AFS_UserStory_76" name="TC23_Module_Receive_MCQ_Answers_In_Default_State_In_Test">
    <skipped/>
  </testcase> <!-- TC23_Module_Receive_MCQ_Answers_In_Default_State_In_Test -->
</testsuite> <!-- studi.co.testScripts.AFS_UserStory_76 -->
