<?xml version="1.0" encoding="UTF-8"?>
<!-- Generated by org.testng.reporters.JUnitReportReporter -->
<testsuite hostname="DESKTOP-T777DIF" name="studi.co.testScripts.Navigate_Revision_From_Topic_Listing" tests="1" failures="0" timestamp="19 Nov 2020 17:32:44 GMT" time="42.710" errors="0">
  <testcase name="Verify_Review_Plan_Tab" time="42.710" classname="studi.co.testScripts.Navigate_Revision_From_Topic_Listing"/>
</testsuite> <!-- studi.co.testScripts.Navigate_Revision_From_Topic_Listing -->
