<?xml version="1.0" encoding="UTF-8"?>
<!-- Generated by org.testng.reporters.JUnitReportReporter -->
<testsuite hostname="DESKTOP-J666QAI" failures="0" tests="25" name="studi.co.testScripts.AFS_UserStory_76" time="150.304" errors="1" timestamp="05 Jan 2021 09:52:52 GMT" skipped="24">
  <testcase classname="studi.co.testScripts.AFS_UserStory_76" name="TC23_ToVerify_MCQQuetions_In_Test_In_Default_State" time="150.304">
    <error message="Can&#039;t locate an element by this strategy: By.chained({By.xpath: /hierarchy/android.widget.FrameLayout/android.widget.LinearLayout/android.widget.FrameLayout/android.widget.LinearLayout/android.widget.FrameLayout/android.widget.RelativeLayout/android.widget.LinearLayout/android.widget.FrameLayout[2]/android.view.ViewGroup/android.view.ViewGroup/android.webkit.WebView/android.webkit.WebView/android.view.View/android.view.View[3]/android.view.View[2]/android.view.View[1]/android.view.View/android.view.View[3]})" type="org.openqa.selenium.NoSuchElementException">
      <![CDATA[org.openqa.selenium.NoSuchElementException: Can't locate an element by this strategy: By.chained({By.xpath: /hierarchy/android.widget.FrameLayout/android.widget.LinearLayout/android.widget.FrameLayout/android.widget.LinearLayout/android.widget.FrameLayout/android.widget.RelativeLayout/android.widget.LinearLayout/android.widget.FrameLayout[2]/android.view.ViewGroup/android.view.ViewGroup/android.webkit.WebView/android.webkit.WebView/android.view.View/android.view.View[3]/android.view.View[2]/android.view.View[1]/android.view.View/android.view.View[3]})
at io.appium.java_client.pagefactory.AppiumElementLocator.findElement(AppiumElementLocator.java:126)
at io.appium.java_client.pagefactory.interceptors.InterceptorOfASingleElement.intercept(InterceptorOfASingleElement.java:59)
at io.appium.java_client.android.AndroidElement$$EnhancerByCGLIB$$b598166c.isDisplayed(<generated>)
at studi.co.pageModules.Module_Verify_Test_Plan.verify_MCQ_Quetions_in_default_state(Module_Verify_Test_Plan.java:82)
at studi.co.testScripts.AFS_UserStory_76.TC23_ToVerify_MCQQuetions_In_Test_In_Default_State(AFS_UserStory_76.java:196)
at java.base/jdk.internal.reflect.NativeMethodAccessorImpl.invoke0(Native Method)
at java.base/jdk.internal.reflect.NativeMethodAccessorImpl.invoke(Unknown Source)
at java.base/jdk.internal.reflect.DelegatingMethodAccessorImpl.invoke(Unknown Source)
at java.base/java.lang.reflect.Method.invoke(Unknown Source)
at org.testng.internal.MethodInvocationHelper.invokeMethod(MethodInvocationHelper.java:124)
at org.testng.internal.Invoker.invokeMethod(Invoker.java:583)
at org.testng.internal.Invoker.invokeTestMethod(Invoker.java:719)
at org.testng.internal.Invoker.invokeTestMethods(Invoker.java:989)
at org.testng.internal.TestMethodWorker.invokeTestMethods(TestMethodWorker.java:125)
at org.testng.internal.TestMethodWorker.run(TestMethodWorker.java:109)
at org.testng.TestRunner.privateRun(TestRunner.java:648)
at org.testng.TestRunner.run(TestRunner.java:505)
at org.testng.SuiteRunner.runTest(SuiteRunner.java:455)
at org.testng.SuiteRunner.access$000(SuiteRunner.java:40)
at org.testng.SuiteRunner$SuiteWorker.run(SuiteRunner.java:489)
at org.testng.internal.thread.ThreadUtil$1.call(ThreadUtil.java:52)
at java.base/java.util.concurrent.FutureTask.run(Unknown Source)
at java.base/java.util.concurrent.ThreadPoolExecutor.runWorker(Unknown Source)
at java.base/java.util.concurrent.ThreadPoolExecutor$Worker.run(Unknown Source)
at java.base/java.lang.Thread.run(Unknown Source)
Caused by: org.openqa.selenium.TimeoutException: Expected condition failed: waiting for io.appium.java_client.pagefactory.AppiumElementLocator$WaitingFunction@68b72b58 (tried for 1 second(s) with 500 milliseconds interval)
at org.openqa.selenium.support.ui.FluentWait.timeoutException(FluentWait.java:304)
at org.openqa.selenium.support.ui.FluentWait.until(FluentWait.java:272)
at io.appium.java_client.pagefactory.AppiumElementLocator.waitFor(AppiumElementLocator.java:99)
at io.appium.java_client.pagefactory.AppiumElementLocator.findElement(AppiumElementLocator.java:119)
... 24 more
Caused by: org.openqa.selenium.NoSuchElementException: Cannot locate an element using By.chained({By.xpath: /hierarchy/android.widget.FrameLayout/android.widget.LinearLayout/android.widget.FrameLayout/android.widget.LinearLayout/android.widget.FrameLayout/android.widget.RelativeLayout/android.widget.LinearLayout/android.widget.FrameLayout[2]/android.view.ViewGroup/android.view.ViewGroup/android.webkit.WebView/android.webkit.WebView/android.view.View/android.view.View[3]/android.view.View[2]/android.view.View[1]/android.view.View/android.view.View[3]})
For documentation on this error, please visit: https://www.seleniumhq.org/exceptions/no_such_element.html
Build info: version: '3.141.59', revision: 'e82be7d358', time: '2018-11-14T08:17:03'
System info: host: 'DESKTOP-J666QAI', ip: '192.168.0.101', os.name: 'Windows 10', os.arch: 'amd64', os.version: '10.0', java.version: '15.0.1'
Driver info: driver.version: AndroidDriver
at io.appium.java_client.pagefactory.bys.builder.ByChained.findElement(ByChained.java:74)
at org.openqa.selenium.remote.RemoteWebDriver.findElement(RemoteWebDriver.java:315)
at io.appium.java_client.DefaultGenericMobileDriver.findElement(DefaultGenericMobileDriver.java:58)
at io.appium.java_client.AppiumDriver.findElement(AppiumDriver.java:1)
at io.appium.java_client.android.AndroidDriver.findElement(AndroidDriver.java:1)
at io.appium.java_client.pagefactory.bys.ContentMappedBy.findElement(ContentMappedBy.java:50)
at org.openqa.selenium.remote.RemoteWebDriver.findElement(RemoteWebDriver.java:315)
at io.appium.java_client.DefaultGenericMobileDriver.findElement(DefaultGenericMobileDriver.java:58)
at io.appium.java_client.AppiumDriver.findElement(AppiumDriver.java:1)
at io.appium.java_client.android.AndroidDriver.findElement(AndroidDriver.java:1)
at io.appium.java_client.pagefactory.AppiumElementLocator.lambda$0(AppiumElementLocator.java:120)
at io.appium.java_client.pagefactory.AppiumElementLocator$WaitingFunction.apply(AppiumElementLocator.java:172)
at io.appium.java_client.pagefactory.AppiumElementLocator$WaitingFunction.apply(AppiumElementLocator.java:1)
at org.openqa.selenium.support.ui.FluentWait.until(FluentWait.java:249)
... 26 more
]]>
    </error>
  </testcase> <!-- TC23_ToVerify_MCQQuetions_In_Test_In_Default_State -->
  <testcase classname="studi.co.testScripts.AFS_UserStory_76" name="T02_Recieve_MCQ_Questions_DefaultState">
    <skipped/>
  </testcase> <!-- T02_Recieve_MCQ_Questions_DefaultState -->
  <testcase classname="studi.co.testScripts.AFS_UserStory_76" name="Review_Plan_Tab">
    <skipped/>
  </testcase> <!-- Review_Plan_Tab -->
  <testcase classname="studi.co.testScripts.AFS_UserStory_76" name="T13_Receive_MCQ_Questions_Practice">
    <skipped/>
  </testcase> <!-- T13_Receive_MCQ_Questions_Practice -->
  <testcase classname="studi.co.testScripts.AFS_UserStory_76" name="View_Chapter_Details">
    <skipped/>
  </testcase> <!-- View_Chapter_Details -->
  <testcase classname="studi.co.testScripts.AFS_UserStory_76" name="TC14_Verify_Answer_Options__In_Practice">
    <skipped/>
  </testcase> <!-- TC14_Verify_Answer_Options__In_Practice -->
  <testcase classname="studi.co.testScripts.AFS_UserStory_76" name="TC12_Verify_MCQ_Questions_In_Pratice">
    <skipped/>
  </testcase> <!-- TC12_Verify_MCQ_Questions_In_Pratice -->
  <testcase classname="studi.co.testScripts.AFS_UserStory_76" name="Confirm_Syllabus_Tab">
    <skipped/>
  </testcase> <!-- Confirm_Syllabus_Tab -->
  <testcase classname="studi.co.testScripts.AFS_UserStory_76" name="TC08_Verify_Feedback_For_Answers_In_Revision">
    <skipped/>
  </testcase> <!-- TC08_Verify_Feedback_For_Answers_In_Revision -->
  <testcase classname="studi.co.testScripts.AFS_UserStory_76" name="Mark_Completed_In_School_Manaually">
    <skipped/>
  </testcase> <!-- Mark_Completed_In_School_Manaually -->
  <testcase classname="studi.co.testScripts.AFS_UserStory_76" name="Completed_In_School_Status_Chapter">
    <skipped/>
  </testcase> <!-- Completed_In_School_Status_Chapter -->
  <testcase classname="studi.co.testScripts.AFS_UserStory_76" name="View_Chapter_Listing_Page_Content">
    <skipped/>
  </testcase> <!-- View_Chapter_Listing_Page_Content -->
  <testcase classname="studi.co.testScripts.AFS_UserStory_76" name="TC20_Verify_Attempts_In_Practice_Module">
    <skipped/>
  </testcase> <!-- TC20_Verify_Attempts_In_Practice_Module -->
  <testcase classname="studi.co.testScripts.AFS_UserStory_76" name="Verify_Create_Study_Plan">
    <skipped/>
  </testcase> <!-- Verify_Create_Study_Plan -->
  <testcase classname="studi.co.testScripts.AFS_UserStory_76" name="TC22_Verify_MCQQuetions_In_Test">
    <skipped/>
  </testcase> <!-- TC22_Verify_MCQQuetions_In_Test -->
  <testcase classname="studi.co.testScripts.AFS_UserStory_76" name="TC15_Verify_Answers_Are_Selectable_And_Deselectable_In_Practice">
    <skipped/>
  </testcase> <!-- TC15_Verify_Answers_Are_Selectable_And_Deselectable_In_Practice -->
  <testcase classname="studi.co.testScripts.AFS_UserStory_76" name="TC03_Verify_Answer_Options_In_Revision">
    <skipped/>
  </testcase> <!-- TC03_Verify_Answer_Options_In_Revision -->
  <testcase classname="studi.co.testScripts.AFS_UserStory_76" name="Navigate_Revision_From_Topic_Listing">
    <skipped/>
  </testcase> <!-- Navigate_Revision_From_Topic_Listing -->
  <testcase classname="studi.co.testScripts.AFS_UserStory_76" name="T01_Recieve_MCQ_Questions_Revision">
    <skipped/>
  </testcase> <!-- T01_Recieve_MCQ_Questions_Revision -->
  <testcase classname="studi.co.testScripts.AFS_UserStory_76" name="TC04_Verify_MCQ_Answers_Can_Be_Select_or_Unselect_In_Revision">
    <skipped/>
  </testcase> <!-- TC04_Verify_MCQ_Answers_Can_Be_Select_or_Unselect_In_Revision -->
  <testcase classname="studi.co.testScripts.AFS_UserStory_76" name="TC18_Verify_Answer_Feedback_Is_Correct_In_Practice">
    <skipped/>
  </testcase> <!-- TC18_Verify_Answer_Feedback_Is_Correct_In_Practice -->
  <testcase classname="studi.co.testScripts.AFS_UserStory_76" name="Confirm_Syllabus_Page_Tappable">
    <skipped/>
  </testcase> <!-- Confirm_Syllabus_Page_Tappable -->
  <testcase classname="studi.co.testScripts.AFS_UserStory_76" name="TC10_Select_All_Answers_And_Verify_Feedback">
    <skipped/>
  </testcase> <!-- TC10_Select_All_Answers_And_Verify_Feedback -->
  <testcase classname="studi.co.testScripts.AFS_UserStory_76" name="TC11_Verify_Abandon_Quiz_From_Revision">
    <skipped/>
  </testcase> <!-- TC11_Verify_Abandon_Quiz_From_Revision -->
  <testcase classname="studi.co.testScripts.AFS_UserStory_76" name="Mark_Excluded_From_Syllabus_Manually">
    <skipped/>
  </testcase> <!-- Mark_Excluded_From_Syllabus_Manually -->
</testsuite> <!-- studi.co.testScripts.AFS_UserStory_76 -->
