<?xml version="1.0" encoding="UTF-8"?>
<!-- Generated by org.testng.reporters.JUnitReportReporter -->
<testsuite hostname="DESKTOP-T777DIF" name="studi.co.pageModules.Module_Login" tests="1" failures="0" timestamp="11 Dec 2020 10:35:16 GMT" time="30.170" errors="0">
  <testcase name="Login_to_app" time="30.170" classname="studi.co.pageModules.Module_Login"/>
</testsuite> <!-- studi.co.pageModules.Module_Login -->
