<?xml version="1.0" encoding="UTF-8"?>
<!-- Generated by org.testng.reporters.JUnitReportReporter -->
<testsuite hostname="DESKTOP-T777DIF" name="studi.co.testScripts.TC12_Verify_MCQ_Questions_In_Practice_Module" tests="1" failures="0" timestamp="2 Dec 2020 15:52:14 GMT" time="66.097" errors="0">
  <testcase name="verify_MCQ_Questions_In_Practice_Module" time="66.097" classname="studi.co.testScripts.TC12_Verify_MCQ_Questions_In_Practice_Module"/>
</testsuite> <!-- studi.co.testScripts.TC12_Verify_MCQ_Questions_In_Practice_Module -->
